<?xml version="1.0" encoding="UTF-8"?>
<!-- Generated by org.testng.reporters.JUnitReportReporter -->
<testsuite skipped="0" hostname="BDC7-D-5V1MXH2" name="selenium.TestCase1" tests="2" failures="0" timestamp="03 Jul 2018 05:29:22 GMT" time="0.015" errors="0">
  <testcase name="testDemoWebShop" time="0.013" classname="selenium.TestCase1"/>
  <testcase name="testPayment" time="0.002" classname="selenium.TestCase1"/>
</testsuite> <!-- selenium.TestCase1 -->
