<?xml version="1.0" encoding="UTF-8"?>
<!-- Generated by org.testng.reporters.JUnitReportReporter -->
<testsuite skipped="0" hostname="BDC7-D-5V1MXH2" name="selenium.TestCase2" tests="1" failures="0" timestamp="03 Jul 2018 06:20:35 GMT" time="10.231" errors="0">
  <testcase name="testGitHubLogin" time="10.231" classname="selenium.TestCase2"/>
</testsuite> <!-- selenium.TestCase2 -->
